#
# A fatal error has been detected by the Java Runtime Environment:
#
#  EXCEPTION_ACCESS_VIOLATION (0xc0000005) at pc=0x00007ffff5d7c8e8, pid=45944, tid=58664
#
# JRE version: OpenJDK Runtime Environment Temurin-17.0.5+8 (17.0.5+8) (build 17.0.5+8)
# Java VM: OpenJDK 64-Bit Server VM Temurin-17.0.5+8 (17.0.5+8, mixed mode, tiered, compressed oops, compressed class ptrs, parallel gc, windows-amd64)
# Problematic frame:
# V  [jvm.dll+0xc8e8]
#
# No core dump will be written. Minidumps are not enabled by default on client versions of Windows
#
# If you would like to submit a bug report, please visit:
#   https://github.com/adoptium/adoptium-support/issues
#

---------------  S U M M A R Y ------------

Command Line: --add-modules=ALL-SYSTEM --add-opens=java.base/java.util=ALL-UNNAMED --add-opens=java.base/java.lang=ALL-UNNAMED --add-opens=java.base/sun.nio.fs=ALL-UNNAMED -Declipse.application=org.eclipse.jdt.ls.core.id1 -Dosgi.bundles.defaultStartLevel=4 -Declipse.product=org.eclipse.jdt.ls.core.product -Djava.import.generatesMetadataFilesAtProjectRoot=false -Dfile.encoding=utf8 -XX:+UseParallelGC -XX:GCTimeRatio=4 -XX:AdaptiveSizePolicyWeight=90 -Dsun.zip.disableMemoryMapping=true -Xmx1G -Xms100m -Xlog:jni+resolve=off -javaagent:c:\Users\SankethS\.vscode\extensions\redhat.java-1.13.0-win32-x64\lombok\lombok-1.18.24.jar -XX:+HeapDumpOnOutOfMemoryError -XX:HeapDumpPath=c:\Users\SankethS\AppData\Roaming\Code\User\workspaceStorage\85aee49fe5d48e8131ccf5db7e64b850\redhat.java c:\Users\SankethS\.vscode\extensions\redhat.java-1.13.0-win32-x64\server\plugins\org.eclipse.equinox.launcher_1.6.400.v20210924-0641.jar -configuration c:\Users\SankethS\AppData\Roaming\Code\User\globalStorage\redhat.java\1.13.0\config_win -data c:\Users\SankethS\AppData\Roaming\Code\User\workspaceStorage\85aee49fe5d48e8131ccf5db7e64b850\redhat.java\jdt_ws

Host: Intel(R) Core(TM) i7-10510U CPU @ 1.80GHz, 8 cores, 15G,  Windows 11 , 64 bit Build 22000 (10.0.22000.1219)
Time: Tue Dec 13 23:15:39 2022 India Standard Time elapsed time: 939.266841 seconds (0d 0h 15m 39s)

---------------  T H R E A D  ---------------

Current thread (0x000001bd4e0e92c0):  GCTaskThread "GC Thread#3" [stack: 0x000000b06d200000,0x000000b06d300000] [id=58664]

Stack: [0x000000b06d200000,0x000000b06d300000],  sp=0x000000b06d2ff678,  free space=1021k
Native frames: (J=compiled Java code, j=interpreted, Vv=VM code, C=native code)
V  [jvm.dll+0xc8e8]


siginfo: EXCEPTION_ACCESS_VIOLATION (0xc0000005), reading address 0x0000000000000008


Register to memory mapping:

RIP=0x00007ffff5d7c8e8 jvm.dll
RAX=0x0000000000000001 is an unknown value
RBX=
[error occurred during error reporting (printing register info), id 0xc0000005, EXCEPTION_ACCESS_VIOLATION (0xc0000005) at pc=0x00007ffff63f3126]

Registers:
RAX=0x0000000000000001, RBX=0x00000000c7c80188, RCX=0x0000000000000003, RDX=0x00000000c7c80188
RSP=0x000000b06d2ff678, RBP=0x000001bd4a4c2850, RSI=0x0000000000000004, RDI=0x00000000c091c6bc
R8 =0x0000000000000000, R9 =0x000000000000e8af, R10=0x00000000c034a4a8, R11=0x0000000000000006
R12=0x0000000000000000, R13=0x000000b06d2ff880, R14=0x00000000c091d4f8, R15=0x00007ffff6880730
RIP=0x00007ffff5d7c8e8, EFLAGS=0x0000000000010246

Top of Stack: (sp=0x000000b06d2ff678)
0x000000b06d2ff678:   00007ffff64193f8 00000000c034a4a8
0x000000b06d2ff688:   00000000c091c6b8 00007ffff6880730
0x000000b06d2ff698:   00007ffff6687850 00007ffff6687850
0x000000b06d2ff6a8:   00007ffff641972d 000001bd4a4c2850
0x000000b06d2ff6b8:   000000b06d2ff719 00007ffff671c358
0x000000b06d2ff6c8:   000000000000e6a4 0000000000000000
0x000000b06d2ff6d8:   0000000000000000 0000000000000000
0x000000b06d2ff6e8:   0000000000000000 0000000000000000
0x000000b06d2ff6f8:   0000000000000000 000001bd36713010
0x000000b06d2ff708:   00007ffff6550001 00007ffff6687850
0x000000b06d2ff718:   000001bd36720ae0 0000786e00000003
0x000000b06d2ff728:   000001bd4a4c2850 0000000000000000
0x000000b06d2ff738:   0000000000000000 000001bd36713010
0x000000b06d2ff748:   000001bd4c2226f8 00000000000003d8
0x000000b06d2ff758:   000001bd4d496590 000001bd4c222310
0x000000b06d2ff768:   000001bd4a4c2850 000001bd4c222320 

Instructions: (pc=0x00007ffff5d7c8e8)
0x00007ffff5d7c7e8:   48 83 c4 20 5e c3 cc cc 48 8b 01 c3 cc cc cc cc
0x00007ffff5d7c7f8:   cc cc cc cc cc cc cc cc 4c 8b 01 4c 8b c9 48 8b
0x00007ffff5d7c808:   0d 83 a3 b4 00 ba 44 60 08 00 e9 59 f2 ff ff cc
0x00007ffff5d7c818:   cc cc cc cc cc cc cc cc 48 89 5c 24 08 57 48 83
0x00007ffff5d7c828:   ec 20 48 8b 39 48 8b d9 48 85 3d 31 81 b9 00 75
0x00007ffff5d7c838:   0e 48 8b c7 48 8b 5c 24 30 48 83 c4 20 5f c3 48
0x00007ffff5d7c848:   8b cf e8 b1 5a 85 00 48 8b d0 48 85 c0 74 20 48
0x00007ffff5d7c858:   8b c7 f0 48 0f b1 13 74 16 48 85 05 00 81 b9 00
0x00007ffff5d7c868:   74 0d 48 8b c8 f0 48 0f b1 13 48 3b c1 75 ea 48
0x00007ffff5d7c878:   8b 5c 24 30 48 8b c2 48 83 c4 20 5f c3 cc cc cc
0x00007ffff5d7c888:   cc cc cc cc cc cc cc cc 4c 8b 01 4c 8b c9 48 8b
0x00007ffff5d7c898:   0d f3 a2 b4 00 ba 64 60 08 00 e9 c9 f1 ff ff cc
0x00007ffff5d7c8a8:   cc cc cc cc cc cc cc cc 8b 05 32 ea ae 00 c3 cc
0x00007ffff5d7c8b8:   cc cc cc cc cc cc cc cc 0f b6 05 38 ab b5 00 48
0x00007ffff5d7c8c8:   8b d1 84 c0 74 16 44 8b 41 08 8b 0d 10 ea ae 00
0x00007ffff5d7c8d8:   49 d3 e0 4c 03 05 fe e9 ae 00 eb 04 4c 8b 41 08
0x00007ffff5d7c8e8:   45 8b 50 08 45 85 d2 7e 0e 41 f6 c2 01 75 53 41
0x00007ffff5d7c8f8:   c1 fa 03 41 8b c2 c3 79 49 84 c0 b9 10 00 00 00
0x00007ffff5d7c908:   8b 05 16 f9 ae 00 41 b8 0c 00 00 00 41 0f 45 c8
0x00007ffff5d7c918:   ff c8 4c 63 c8 48 63 14 11 41 8b ca 83 e1 3f 48
0x00007ffff5d7c928:   d3 e2 41 8b ca 48 c1 f9 10 0f b6 c1 49 8d 0c 11
0x00007ffff5d7c938:   49 f7 d1 48 03 c1 49 c1 e9 03 48 c1 e8 03 41 23
0x00007ffff5d7c948:   c1 c3 49 8b 00 49 8b c8 48 ff a0 00 01 00 00 cc
0x00007ffff5d7c958:   cc cc cc cc cc cc cc cc 8b 44 24 30 45 03 c9 44
0x00007ffff5d7c968:   2b 4c 24 28 83 c0 0b 44 03 ca 45 03 c8 41 03 c1
0x00007ffff5d7c978:   c3 cc cc cc cc cc cc cc 4c 8b ca 48 8b d1 45 8b
0x00007ffff5d7c988:   41 08 45 85 c0 7e 0e 41 f6 c0 01 75 56 41 c1 f8
0x00007ffff5d7c998:   03 41 8b c0 c3 79 4c 80 3d 59 aa b5 00 00 b8 0c
0x00007ffff5d7c9a8:   00 00 00 b9 10 00 00 00 0f 45 c8 8b 05 6b f8 ae
0x00007ffff5d7c9b8:   00 ff c8 4c 63 c8 48 63 14 11 41 8b c8 83 e1 3f
0x00007ffff5d7c9c8:   48 d3 e2 41 8b c8 48 c1 f9 10 0f b6 c1 49 8d 0c
0x00007ffff5d7c9d8:   11 49 f7 d1 48 03 c1 49 c1 e9 03 48 c1 e8 03 41 


Stack slot to memory mapping:
stack at sp + 0 slots: 0x00007ffff64193f8 jvm.dll
stack at sp + 1 slots: 0x00000000c034a4a8 is an oop: java.util.concurrent.ConcurrentHashMap$Node 
{0x00000000c034a4a8} - klass: 'java/util/concurrent/ConcurrentHashMap$Node'
 - ---- fields (total size 4 words):
 - final 'hash' 'I' @12  1709565040 (65e5e470)
 - final 'key' 'Ljava/lang/Object;' @16  "org.eclipse.osgi.signedcontent.SignedContentFactory"{0x00000000c034a4c8} (c034a4c8)
 - volatile 'val' 'Ljava/lang/Object;' @20  a 'java/lang/Object'{0x00000000c034a528} (c034a528)
 - volatile 'next' 'Ljava/util/concurrent/ConcurrentHashMap$Node;' @24  a 'java/util/concurrent/ConcurrentHashMap$Node'{0x00000000c034a538} (c034a538)
stack at sp + 2 slots: 0x00000000c091c6b8 is pointing into object: [Ljava.util.concurrent.ConcurrentHashMap$Node; 
{0x00000000c091b4e8} - klass: 'java/util/concurrent/ConcurrentHashMap$Node'[]
 - length: 2048
stack at sp + 3 slots: 0x00007ffff6880730 jvm.dll
stack at sp + 4 slots: 0x00007ffff6687850 jvm.dll
stack at sp + 5 slots: 0x00007ffff6687850 jvm.dll
stack at sp + 6 slots: 0x00007ffff641972d jvm.dll
stack at sp + 7 slots: 0x000001bd4a4c2850 points into unknown readable memory: 0x000001bd367bf800 | 00 f8 7b 36 bd 01 00 00


---------------  P R O C E S S  ---------------

Threads class SMR info:
_java_thread_list=0x000001bd521e0f70, length=35, elements={
0x000001bd36713010, 0x000001bd367c5fe0, 0x000001bd4a58b970, 0x000001bd4c04ef10,
0x000001bd4c0517e0, 0x000001bd4c052190, 0x000001bd4c052b40, 0x000001bd4c0538d0,
0x000001bd4c0b30b0, 0x000001bd4c0cfd50, 0x000001bd4c171fc0, 0x000001bd4c35c160,
0x000001bd4d6559c0, 0x000001bd4d119620, 0x000001bd4d652aa0, 0x000001bd4d652f70,
0x000001bd4d545070, 0x000001bd4e281600, 0x000001bd4ecf8590, 0x000001bd4ecf5570,
0x000001bd4ecf4bd0, 0x000001bd4ecf63e0, 0x000001bd4ecf8a60, 0x000001bd4ecf3890,
0x000001bd4ecf2550, 0x000001bd520c88d0, 0x000001bd520c9c10, 0x000001bd520cd5d0,
0x000001bd4e282470, 0x000001bd4e281130, 0x000001bd520c9270, 0x000001bd4d31f050,
0x000001bd4d323d50, 0x000001bd4d322070, 0x000001bd4d325090
}

Java Threads: ( => current thread )
  0x000001bd36713010 JavaThread "main" [_thread_blocked, id=161860, stack(0x000000b06bf00000,0x000000b06c000000)]
  0x000001bd367c5fe0 JavaThread "Reference Handler" daemon [_thread_blocked, id=61232, stack(0x000000b06c200000,0x000000b06c300000)]
  0x000001bd4a58b970 JavaThread "Finalizer" daemon [_thread_blocked, id=159084, stack(0x000000b06c300000,0x000000b06c400000)]
  0x000001bd4c04ef10 JavaThread "Signal Dispatcher" daemon [_thread_blocked, id=79228, stack(0x000000b06c400000,0x000000b06c500000)]
  0x000001bd4c0517e0 JavaThread "Attach Listener" daemon [_thread_blocked, id=115532, stack(0x000000b06c500000,0x000000b06c600000)]
  0x000001bd4c052190 JavaThread "Service Thread" daemon [_thread_blocked, id=168128, stack(0x000000b06c600000,0x000000b06c700000)]
  0x000001bd4c052b40 JavaThread "Monitor Deflation Thread" daemon [_thread_blocked, id=128532, stack(0x000000b06c700000,0x000000b06c800000)]
  0x000001bd4c0538d0 JavaThread "C2 CompilerThread0" daemon [_thread_blocked, id=55516, stack(0x000000b06c800000,0x000000b06c900000)]
  0x000001bd4c0b30b0 JavaThread "C1 CompilerThread0" daemon [_thread_blocked, id=160704, stack(0x000000b06c900000,0x000000b06ca00000)]
  0x000001bd4c0cfd50 JavaThread "Sweeper thread" daemon [_thread_blocked, id=115412, stack(0x000000b06ca00000,0x000000b06cb00000)]
  0x000001bd4c171fc0 JavaThread "Common-Cleaner" daemon [_thread_blocked, id=55592, stack(0x000000b06cb00000,0x000000b06cc00000)]
  0x000001bd4c35c160 JavaThread "Notification Thread" daemon [_thread_blocked, id=120652, stack(0x000000b06cd00000,0x000000b06ce00000)]
  0x000001bd4d6559c0 JavaThread "Active Thread: Equinox Container: 5906326d-8d03-4333-81cd-19c5699680de" [_thread_blocked, id=67832, stack(0x000000b06d600000,0x000000b06d700000)]
  0x000001bd4d119620 JavaThread "Framework Event Dispatcher: Equinox Container: 5906326d-8d03-4333-81cd-19c5699680de" daemon [_thread_blocked, id=30512, stack(0x000000b06cc00000,0x000000b06cd00000)]
  0x000001bd4d652aa0 JavaThread "Start Level: Equinox Container: 5906326d-8d03-4333-81cd-19c5699680de" daemon [_thread_blocked, id=110100, stack(0x000000b06cf00000,0x000000b06d000000)]
  0x000001bd4d652f70 JavaThread "SCR Component Actor" daemon [_thread_blocked, id=40844, stack(0x000000b06d700000,0x000000b06d800000)]
  0x000001bd4d545070 JavaThread "Worker-JM" [_thread_blocked, id=63416, stack(0x000000b06da00000,0x000000b06db00000)]
  0x000001bd4e281600 JavaThread "Java indexing" daemon [_thread_blocked, id=68268, stack(0x000000b06df00000,0x000000b06e000000)]
  0x000001bd4ecf8590 JavaThread "JNA Cleaner" daemon [_thread_blocked, id=45104, stack(0x000000b06e200000,0x000000b06e300000)]
  0x000001bd4ecf5570 JavaThread "pool-2-thread-1" [_thread_blocked, id=81096, stack(0x000000b06e600000,0x000000b06e700000)]
  0x000001bd4ecf4bd0 JavaThread "pool-1-thread-1" [_thread_in_native, id=74008, stack(0x000000b06e700000,0x000000b06e800000)]
  0x000001bd4ecf63e0 JavaThread "ForkJoinPool.commonPool-worker-1" daemon [_thread_blocked, id=82580, stack(0x000000b06e500000,0x000000b06e600000)]
  0x000001bd4ecf8a60 JavaThread "ForkJoinPool.commonPool-worker-2" daemon [_thread_blocked, id=117576, stack(0x000000b06e800000,0x000000b06e900000)]
  0x000001bd4ecf3890 JavaThread "ForkJoinPool.commonPool-worker-3" daemon [_thread_blocked, id=143032, stack(0x000000b06e900000,0x000000b06ea00000)]
  0x000001bd4ecf2550 JavaThread "ForkJoinPool.commonPool-worker-4" daemon [_thread_blocked, id=109360, stack(0x000000b06ea00000,0x000000b06eb00000)]
  0x000001bd520c88d0 JavaThread "ForkJoinPool.commonPool-worker-6" daemon [_thread_blocked, id=34752, stack(0x000000b06ec00000,0x000000b06ed00000)]
  0x000001bd520c9c10 JavaThread "Bundle File Closer" daemon [_thread_blocked, id=175208, stack(0x000000b06ee00000,0x000000b06ef00000)]
  0x000001bd520cd5d0 JavaThread "ForkJoinPool.commonPool-worker-8" daemon [_thread_blocked, id=156208, stack(0x000000b06bc00000,0x000000b06bd00000)]
  0x000001bd4e282470 JavaThread "ForkJoinPool.commonPool-worker-9" daemon [_thread_blocked, id=10832, stack(0x000000b06be00000,0x000000b06bf00000)]
  0x000001bd4e281130 JavaThread "Worker-7" [_thread_blocked, id=161708, stack(0x000000b06dc00000,0x000000b06dd00000)]
  0x000001bd520c9270 JavaThread "Worker-8" [_thread_blocked, id=165512, stack(0x000000b06de00000,0x000000b06df00000)]
  0x000001bd4d31f050 JavaThread "Java Debug Server" daemon [_thread_in_native, id=72600, stack(0x000000b06db00000,0x000000b06dc00000)]
  0x000001bd4d323d50 JavaThread "RxSchedulerPurge-1" daemon [_thread_blocked, id=149744, stack(0x000000b06e300000,0x000000b06e400000)]
  0x000001bd4d322070 JavaThread "RxCachedWorkerPoolEvictor-1" daemon [_thread_blocked, id=48844, stack(0x000000b06e400000,0x000000b06e500000)]
  0x000001bd4d325090 JavaThread "process reaper" daemon [_thread_blocked, id=50996, stack(0x000000b06b980000,0x000000b06b9a0000)]

Other Threads:
  0x000001bd4c0110f0 VMThread "VM Thread" [stack: 0x000000b06c100000,0x000000b06c200000] [id=122436]
  0x000001bd4c359560 WatcherThread [stack: 0x000000b06ce00000,0x000000b06cf00000] [id=94540]
  0x000001bd36728ad0 GCTaskThread "GC Thread#0" [stack: 0x000000b06c000000,0x000000b06c100000] [id=21620]
  0x000001bd4d5f9a40 GCTaskThread "GC Thread#1" [stack: 0x000000b06d000000,0x000000b06d100000] [id=139344]
  0x000001bd4e0e9010 GCTaskThread "GC Thread#2" [stack: 0x000000b06d100000,0x000000b06d200000] [id=79124]
=>0x000001bd4e0e92c0 GCTaskThread "GC Thread#3" [stack: 0x000000b06d200000,0x000000b06d300000] [id=58664]
  0x000001bd4e0e9570 GCTaskThread "GC Thread#4" [stack: 0x000000b06d300000,0x000000b06d400000] [id=88860]
  0x000001bd4e0e9820 GCTaskThread "GC Thread#5" [stack: 0x000000b06d400000,0x000000b06d500000] [id=59472]
  0x000001bd4e0e9ad0 GCTaskThread "GC Thread#6" [stack: 0x000000b06d500000,0x000000b06d600000] [id=108236]
  0x000001bd4d0a27f0 GCTaskThread "GC Thread#7" [stack: 0x000000b06d800000,0x000000b06d900000] [id=130824]

Threads with active compile tasks:
C2 CompilerThread0   939287 20896       4       org.eclipse.jdt.internal.compiler.ast.QualifiedNameReference::getOtherFieldBindings (694 bytes)

VM state: at safepoint (normal execution)

VM Mutex/Monitor currently owned by a thread:  ([mutex/lock_event])
[0x000001bd3670ec40] Threads_lock - owner thread: 0x000001bd4c0110f0
[0x000001bd3670dda0] Heap_lock - owner thread: 0x000001bd4ecf63e0

Heap address: 0x00000000c0000000, size: 1024 MB, Compressed Oops mode: 32-bit

CDS archive(s) not mapped
Compressed class space mapped at: 0x0000000100000000-0x0000000140000000, reserved size: 1073741824
Narrow klass base: 0x0000000000000000, Narrow klass shift: 3, Narrow klass range: 0x140000000

GC Precious Log:
 CPUs: 8 total, 8 available
 Memory: 16206M
 Large Page Support: Disabled
 NUMA Support: Disabled
 Compressed Oops: Enabled (32-bit)
 Alignments: Space 512K, Generation 512K, Heap 2M
 Heap Min Capacity: 100M
 Heap Initial Capacity: 100M
 Heap Max Capacity: 1G
 Pre-touch: Disabled
 Parallel Workers: 8

Heap:
 PSYoungGen      total 3584K, used 1004K [0x00000000eab00000, 0x00000000eb480000, 0x0000000100000000)
  eden space 2560K, 0% used [0x00000000eab00000,0x00000000eab00000,0x00000000ead80000)
  from space 1024K, 98% used [0x00000000ead80000,0x00000000eae7b1b0,0x00000000eae80000)
  to   space 3584K, 0% used [0x00000000eb100000,0x00000000eb100000,0x00000000eb480000)
 ParOldGen       total 132608K, used 130223K [0x00000000c0000000, 0x00000000c8180000, 0x00000000eab00000)
  object space 132608K, 98% used [0x00000000c0000000,0x00000000c7f2bcb0,0x00000000c8180000)
 Metaspace       used 84985K, committed 86144K, reserved 1130496K
  class space    used 8560K, committed 9088K, reserved 1048576K

Card table byte_map: [0x000001bd360b0000,0x000001bd362c0000] _byte_map_base: 0x000001bd35ab0000

Marking Bits: (ParMarkBitMap*) 0x00007ffff68f0dd0
 Begin Bits: [0x000001bd48390000, 0x000001bd49390000)
 End Bits:   [0x000001bd49390000, 0x000001bd4a390000)

Polling page: 0x000001bd34640000

Metaspace:

Usage:
  Non-class:     74.63 MB used.
      Class:      8.36 MB used.
       Both:     82.99 MB used.

Virtual space:
  Non-class space:       80.00 MB reserved,      75.25 MB ( 94%) committed,  10 nodes.
      Class space:        1.00 GB reserved,       8.88 MB ( <1%) committed,  1 nodes.
             Both:        1.08 GB reserved,      84.12 MB (  8%) committed. 

Chunk freelists:
   Non-Class:  128.00 KB
       Class:  3.13 MB
        Both:  3.26 MB

MaxMetaspaceSize: unlimited
CompressedClassSpaceSize: 1.00 GB
Initial GC threshold: 21.00 MB
Current GC threshold: 134.81 MB
CDS: off
MetaspaceReclaimPolicy: balanced
 - commit_granule_bytes: 65536.
 - commit_granule_words: 8192.
 - virtual_space_node_default_size: 1048576.
 - enlarge_chunks_in_place: 1.
 - new_chunks_are_fully_committed: 0.
 - uncommit_free_chunks: 1.
 - use_allocation_guard: 0.
 - handle_deallocations: 1.


Internal statistics:

num_allocs_failed_limit: 9.
num_arena_births: 664.
num_arena_deaths: 22.
num_vsnodes_births: 11.
num_vsnodes_deaths: 0.
num_space_committed: 1346.
num_space_uncommitted: 0.
num_chunks_returned_to_freelist: 34.
num_chunks_taken_from_freelist: 4066.
num_chunk_merges: 7.
num_chunk_splits: 2513.
num_chunks_enlarged: 1478.
num_purges: 4.
num_inconsistent_stats: 0.

CodeHeap 'non-profiled nmethods': size=120000Kb used=17182Kb max_used=17960Kb free=102817Kb
 bounds [0x000001bd40e60000, 0x000001bd41ff0000, 0x000001bd48390000]
CodeHeap 'profiled nmethods': size=120000Kb used=31366Kb max_used=33031Kb free=88634Kb
 bounds [0x000001bd39930000, 0x000001bd3b9b0000, 0x000001bd40e60000]
CodeHeap 'non-nmethods': size=5760Kb used=1442Kb max_used=1536Kb free=4317Kb
 bounds [0x000001bd39390000, 0x000001bd39600000, 0x000001bd39930000]
 total_blobs=15434 nmethods=14641 adapters=700
 compilation: enabled
              stopped_count=0, restarted_count=0
 full_count=0

Compilation events (20 events):
Event: 897.933 Thread 0x000001bd4c0b30b0 nmethod 20886 0x000001bd39f1f710 code [0x000001bd39f1f9a0, 0x000001bd39f20838]
Event: 901.461 Thread 0x000001bd4c0b30b0 20887       3       java.util.concurrent.ThreadPoolExecutor$Worker::lock (6 bytes)
Event: 901.461 Thread 0x000001bd4c0b30b0 nmethod 20887 0x000001bd3a596990 code [0x000001bd3a596b20, 0x000001bd3a596c68]
Event: 901.461 Thread 0x000001bd4c0b30b0 20888       3       java.util.concurrent.ThreadPoolExecutor$Worker::tryAcquire (20 bytes)
Event: 901.462 Thread 0x000001bd4c0b30b0 nmethod 20888 0x000001bd3a631f10 code [0x000001bd3a6320c0, 0x000001bd3a6322c8]
Event: 901.927 Thread 0x000001bd4c0b30b0 20889       3       java.util.concurrent.ThreadPoolExecutor::afterExecute (1 bytes)
Event: 901.927 Thread 0x000001bd4c0b30b0 nmethod 20889 0x000001bd3a693b90 code [0x000001bd3a693d20, 0x000001bd3a693e38]
Event: 905.931 Thread 0x000001bd4c0b30b0 20890       3       java.util.concurrent.ScheduledThreadPoolExecutor$ScheduledFutureTask::getDelay (16 bytes)
Event: 905.932 Thread 0x000001bd4c0b30b0 nmethod 20890 0x000001bd3a35a010 code [0x000001bd3a35a1c0, 0x000001bd3a35a348]
Event: 905.932 Thread 0x000001bd4c0b30b0 20891   !   3       java.util.concurrent.ThreadPoolExecutor::tryTerminate (163 bytes)
Event: 905.937 Thread 0x000001bd4c0b30b0 nmethod 20891 0x000001bd3a526510 code [0x000001bd3a5268e0, 0x000001bd3a528368]
Event: 906.932 Thread 0x000001bd4c0b30b0 20892   !   3       java.util.concurrent.ThreadPoolExecutor::purge (131 bytes)
Event: 906.934 Thread 0x000001bd4c0b30b0 nmethod 20892 0x000001bd39da7110 code [0x000001bd39da73a0, 0x000001bd39da82a8]
Event: 906.934 Thread 0x000001bd4c0b30b0 20893   !   3       java.util.concurrent.ScheduledThreadPoolExecutor$DelayedWorkQueue::iterator (45 bytes)
Event: 906.936 Thread 0x000001bd4c0b30b0 nmethod 20893 0x000001bd3b47f810 code [0x000001bd3b47fa60, 0x000001bd3b480688]
Event: 921.928 Thread 0x000001bd4c0b30b0 20894       3       java.util.concurrent.ScheduledThreadPoolExecutor$DelayedWorkQueue$Itr::hasNext (18 bytes)
Event: 921.928 Thread 0x000001bd4c0b30b0 nmethod 20894 0x000001bd3a58bb10 code [0x000001bd3a58bca0, 0x000001bd3a58be18]
Event: 931.584 Thread 0x000001bd4c0538d0 20895   !   4       com.google.gson.internal.bind.ReflectiveTypeAdapterFactory$Adapter::read (116 bytes)
Event: 931.670 Thread 0x000001bd4c0538d0 nmethod 20895 0x000001bd41a38f10 code [0x000001bd41a39620, 0x000001bd41a3d478]
Event: 939.248 Thread 0x000001bd4c0538d0 20896       4       org.eclipse.jdt.internal.compiler.ast.QualifiedNameReference::getOtherFieldBindings (694 bytes)

GC Heap History (20 events):
Event: 878.905 GC heap after
{Heap after GC invocations=2617 (full 41):
 PSYoungGen      total 3072K, used 224K [0x00000000eab00000, 0x00000000eaf80000, 0x0000000100000000)
  eden space 2560K, 0% used [0x00000000eab00000,0x00000000eab00000,0x00000000ead80000)
  from space 512K, 43% used [0x00000000eaf00000,0x00000000eaf38000,0x00000000eaf80000)
  to   space 512K, 0% used [0x00000000eae80000,0x00000000eae80000,0x00000000eaf00000)
 ParOldGen       total 132608K, used 127543K [0x00000000c0000000, 0x00000000c8180000, 0x00000000eab00000)
  object space 132608K, 96% used [0x00000000c0000000,0x00000000c7c8dc70,0x00000000c8180000)
 Metaspace       used 83129K, committed 84224K, reserved 1130496K
  class space    used 8267K, committed 8768K, reserved 1048576K
}
Event: 878.929 GC heap before
{Heap before GC invocations=2618 (full 41):
 PSYoungGen      total 3072K, used 2784K [0x00000000eab00000, 0x00000000eaf80000, 0x0000000100000000)
  eden space 2560K, 100% used [0x00000000eab00000,0x00000000ead80000,0x00000000ead80000)
  from space 512K, 43% used [0x00000000eaf00000,0x00000000eaf38000,0x00000000eaf80000)
  to   space 512K, 0% used [0x00000000eae80000,0x00000000eae80000,0x00000000eaf00000)
 ParOldGen       total 132608K, used 127543K [0x00000000c0000000, 0x00000000c8180000, 0x00000000eab00000)
  object space 132608K, 96% used [0x00000000c0000000,0x00000000c7c8dc70,0x00000000c8180000)
 Metaspace       used 83541K, committed 84672K, reserved 1130496K
  class space    used 8324K, committed 8832K, reserved 1048576K
}
Event: 878.930 GC heap after
{Heap after GC invocations=2618 (full 41):
 PSYoungGen      total 3072K, used 256K [0x00000000eab00000, 0x00000000eaf80000, 0x0000000100000000)
  eden space 2560K, 0% used [0x00000000eab00000,0x00000000eab00000,0x00000000ead80000)
  from space 512K, 50% used [0x00000000eae80000,0x00000000eaec0000,0x00000000eaf00000)
  to   space 512K, 0% used [0x00000000eaf00000,0x00000000eaf00000,0x00000000eaf80000)
 ParOldGen       total 132608K, used 127615K [0x00000000c0000000, 0x00000000c8180000, 0x00000000eab00000)
  object space 132608K, 96% used [0x00000000c0000000,0x00000000c7c9fc70,0x00000000c8180000)
 Metaspace       used 83541K, committed 84672K, reserved 1130496K
  class space    used 8324K, committed 8832K, reserved 1048576K
}
Event: 878.956 GC heap before
{Heap before GC invocations=2619 (full 41):
 PSYoungGen      total 3072K, used 2816K [0x00000000eab00000, 0x00000000eaf80000, 0x0000000100000000)
  eden space 2560K, 100% used [0x00000000eab00000,0x00000000ead80000,0x00000000ead80000)
  from space 512K, 50% used [0x00000000eae80000,0x00000000eaec0000,0x00000000eaf00000)
  to   space 512K, 0% used [0x00000000eaf00000,0x00000000eaf00000,0x00000000eaf80000)
 ParOldGen       total 132608K, used 127615K [0x00000000c0000000, 0x00000000c8180000, 0x00000000eab00000)
  object space 132608K, 96% used [0x00000000c0000000,0x00000000c7c9fc70,0x00000000c8180000)
 Metaspace       used 83736K, committed 84864K, reserved 1130496K
  class space    used 8381K, committed 8896K, reserved 1048576K
}
Event: 878.957 GC heap after
{Heap after GC invocations=2619 (full 41):
 PSYoungGen      total 3072K, used 128K [0x00000000eab00000, 0x00000000eaf80000, 0x0000000100000000)
  eden space 2560K, 0% used [0x00000000eab00000,0x00000000eab00000,0x00000000ead80000)
  from space 512K, 25% used [0x00000000eaf00000,0x00000000eaf20000,0x00000000eaf80000)
  to   space 512K, 0% used [0x00000000eae80000,0x00000000eae80000,0x00000000eaf00000)
 ParOldGen       total 132608K, used 127727K [0x00000000c0000000, 0x00000000c8180000, 0x00000000eab00000)
  object space 132608K, 96% used [0x00000000c0000000,0x00000000c7cbbcb0,0x00000000c8180000)
 Metaspace       used 83736K, committed 84864K, reserved 1130496K
  class space    used 8381K, committed 8896K, reserved 1048576K
}
Event: 878.983 GC heap before
{Heap before GC invocations=2620 (full 41):
 PSYoungGen      total 3072K, used 2688K [0x00000000eab00000, 0x00000000eaf80000, 0x0000000100000000)
  eden space 2560K, 100% used [0x00000000eab00000,0x00000000ead80000,0x00000000ead80000)
  from space 512K, 25% used [0x00000000eaf00000,0x00000000eaf20000,0x00000000eaf80000)
  to   space 512K, 0% used [0x00000000eae80000,0x00000000eae80000,0x00000000eaf00000)
 ParOldGen       total 132608K, used 127727K [0x00000000c0000000, 0x00000000c8180000, 0x00000000eab00000)
  object space 132608K, 96% used [0x00000000c0000000,0x00000000c7cbbcb0,0x00000000c8180000)
 Metaspace       used 84076K, committed 85184K, reserved 1130496K
  class space    used 8440K, committed 8960K, reserved 1048576K
}
Event: 878.984 GC heap after
{Heap after GC invocations=2620 (full 41):
 PSYoungGen      total 3072K, used 256K [0x00000000eab00000, 0x00000000eaf80000, 0x0000000100000000)
  eden space 2560K, 0% used [0x00000000eab00000,0x00000000eab00000,0x00000000ead80000)
  from space 512K, 50% used [0x00000000eae80000,0x00000000eaec0000,0x00000000eaf00000)
  to   space 512K, 0% used [0x00000000eaf00000,0x00000000eaf00000,0x00000000eaf80000)
 ParOldGen       total 132608K, used 127759K [0x00000000c0000000, 0x00000000c8180000, 0x00000000eab00000)
  object space 132608K, 96% used [0x00000000c0000000,0x00000000c7cc3cb0,0x00000000c8180000)
 Metaspace       used 84076K, committed 85184K, reserved 1130496K
  class space    used 8440K, committed 8960K, reserved 1048576K
}
Event: 879.007 GC heap before
{Heap before GC invocations=2621 (full 41):
 PSYoungGen      total 3072K, used 2816K [0x00000000eab00000, 0x00000000eaf80000, 0x0000000100000000)
  eden space 2560K, 100% used [0x00000000eab00000,0x00000000ead80000,0x00000000ead80000)
  from space 512K, 50% used [0x00000000eae80000,0x00000000eaec0000,0x00000000eaf00000)
  to   space 512K, 0% used [0x00000000eaf00000,0x00000000eaf00000,0x00000000eaf80000)
 ParOldGen       total 132608K, used 127759K [0x00000000c0000000, 0x00000000c8180000, 0x00000000eab00000)
  object space 132608K, 96% used [0x00000000c0000000,0x00000000c7cc3cb0,0x00000000c8180000)
 Metaspace       used 84422K, committed 85568K, reserved 1130496K
  class space    used 8485K, committed 9024K, reserved 1048576K
}
Event: 879.007 GC heap after
{Heap after GC invocations=2621 (full 41):
 PSYoungGen      total 3072K, used 224K [0x00000000eab00000, 0x00000000eaf80000, 0x0000000100000000)
  eden space 2560K, 0% used [0x00000000eab00000,0x00000000eab00000,0x00000000ead80000)
  from space 512K, 43% used [0x00000000eaf00000,0x00000000eaf38000,0x00000000eaf80000)
  to   space 512K, 0% used [0x00000000eae80000,0x00000000eae80000,0x00000000eaf00000)
 ParOldGen       total 132608K, used 127847K [0x00000000c0000000, 0x00000000c8180000, 0x00000000eab00000)
  object space 132608K, 96% used [0x00000000c0000000,0x00000000c7cd9cb0,0x00000000c8180000)
 Metaspace       used 84422K, committed 85568K, reserved 1130496K
  class space    used 8485K, committed 9024K, reserved 1048576K
}
Event: 880.838 GC heap before
{Heap before GC invocations=2622 (full 41):
 PSYoungGen      total 3072K, used 2784K [0x00000000eab00000, 0x00000000eaf80000, 0x0000000100000000)
  eden space 2560K, 100% used [0x00000000eab00000,0x00000000ead80000,0x00000000ead80000)
  from space 512K, 43% used [0x00000000eaf00000,0x00000000eaf38000,0x00000000eaf80000)
  to   space 512K, 0% used [0x00000000eae80000,0x00000000eae80000,0x00000000eaf00000)
 ParOldGen       total 132608K, used 127847K [0x00000000c0000000, 0x00000000c8180000, 0x00000000eab00000)
  object space 132608K, 96% used [0x00000000c0000000,0x00000000c7cd9cb0,0x00000000c8180000)
 Metaspace       used 84917K, committed 86016K, reserved 1130496K
  class space    used 8548K, committed 9024K, reserved 1048576K
}
Event: 880.838 GC heap after
{Heap after GC invocations=2622 (full 41):
 PSYoungGen      total 3072K, used 320K [0x00000000eab00000, 0x00000000eaf80000, 0x0000000100000000)
  eden space 2560K, 0% used [0x00000000eab00000,0x00000000eab00000,0x00000000ead80000)
  from space 512K, 62% used [0x00000000eae80000,0x00000000eaed0000,0x00000000eaf00000)
  to   space 512K, 0% used [0x00000000eaf00000,0x00000000eaf00000,0x00000000eaf80000)
 ParOldGen       total 132608K, used 127935K [0x00000000c0000000, 0x00000000c8180000, 0x00000000eab00000)
  object space 132608K, 96% used [0x00000000c0000000,0x00000000c7cefcb0,0x00000000c8180000)
 Metaspace       used 84917K, committed 86016K, reserved 1130496K
  class space    used 8548K, committed 9024K, reserved 1048576K
}
Event: 884.846 GC heap before
{Heap before GC invocations=2623 (full 41):
 PSYoungGen      total 3072K, used 2880K [0x00000000eab00000, 0x00000000eaf80000, 0x0000000100000000)
  eden space 2560K, 100% used [0x00000000eab00000,0x00000000ead80000,0x00000000ead80000)
  from space 512K, 62% used [0x00000000eae80000,0x00000000eaed0000,0x00000000eaf00000)
  to   space 512K, 0% used [0x00000000eaf00000,0x00000000eaf00000,0x00000000eaf80000)
 ParOldGen       total 132608K, used 127935K [0x00000000c0000000, 0x00000000c8180000, 0x00000000eab00000)
  object space 132608K, 96% used [0x00000000c0000000,0x00000000c7cefcb0,0x00000000c8180000)
 Metaspace       used 84973K, committed 86080K, reserved 1130496K
  class space    used 8560K, committed 9088K, reserved 1048576K
}
Event: 884.847 GC heap after
{Heap after GC invocations=2623 (full 41):
 PSYoungGen      total 3072K, used 224K [0x00000000eab00000, 0x00000000eaf80000, 0x0000000100000000)
  eden space 2560K, 0% used [0x00000000eab00000,0x00000000eab00000,0x00000000ead80000)
  from space 512K, 43% used [0x00000000eaf00000,0x00000000eaf38000,0x00000000eaf80000)
  to   space 512K, 0% used [0x00000000eae80000,0x00000000eae80000,0x00000000eaf00000)
 ParOldGen       total 132608K, used 128095K [0x00000000c0000000, 0x00000000c8180000, 0x00000000eab00000)
  object space 132608K, 96% used [0x00000000c0000000,0x00000000c7d17cb0,0x00000000c8180000)
 Metaspace       used 84973K, committed 86080K, reserved 1130496K
  class space    used 8560K, committed 9088K, reserved 1048576K
}
Event: 886.801 GC heap before
{Heap before GC invocations=2624 (full 41):
 PSYoungGen      total 3072K, used 2784K [0x00000000eab00000, 0x00000000eaf80000, 0x0000000100000000)
  eden space 2560K, 100% used [0x00000000eab00000,0x00000000ead80000,0x00000000ead80000)
  from space 512K, 43% used [0x00000000eaf00000,0x00000000eaf38000,0x00000000eaf80000)
  to   space 512K, 0% used [0x00000000eae80000,0x00000000eae80000,0x00000000eaf00000)
 ParOldGen       total 132608K, used 128095K [0x00000000c0000000, 0x00000000c8180000, 0x00000000eab00000)
  object space 132608K, 96% used [0x00000000c0000000,0x00000000c7d17cb0,0x00000000c8180000)
 Metaspace       used 84973K, committed 86080K, reserved 1130496K
  class space    used 8560K, committed 9088K, reserved 1048576K
}
Event: 886.803 GC heap after
{Heap after GC invocations=2624 (full 41):
 PSYoungGen      total 3072K, used 224K [0x00000000eab00000, 0x00000000eaf80000, 0x0000000100000000)
  eden space 2560K, 0% used [0x00000000eab00000,0x00000000eab00000,0x00000000ead80000)
  from space 512K, 43% used [0x00000000eae80000,0x00000000eaeb8000,0x00000000eaf00000)
  to   space 512K, 0% used [0x00000000eaf00000,0x00000000eaf00000,0x00000000eaf80000)
 ParOldGen       total 132608K, used 128095K [0x00000000c0000000, 0x00000000c8180000, 0x00000000eab00000)
  object space 132608K, 96% used [0x00000000c0000000,0x00000000c7d17cb0,0x00000000c8180000)
 Metaspace       used 84973K, committed 86080K, reserved 1130496K
  class space    used 8560K, committed 9088K, reserved 1048576K
}
Event: 939.249 GC heap before
{Heap before GC invocations=2625 (full 41):
 PSYoungGen      total 3072K, used 2693K [0x00000000eab00000, 0x00000000eaf80000, 0x0000000100000000)
  eden space 2560K, 96% used [0x00000000eab00000,0x00000000ead694e8,0x00000000ead80000)
  from space 512K, 43% used [0x00000000eae80000,0x00000000eaeb8000,0x00000000eaf00000)
  to   space 512K, 0% used [0x00000000eaf00000,0x00000000eaf00000,0x00000000eaf80000)
 ParOldGen       total 132608K, used 128095K [0x00000000c0000000, 0x00000000c8180000, 0x00000000eab00000)
  object space 132608K, 96% used [0x00000000c0000000,0x00000000c7d17cb0,0x00000000c8180000)
 Metaspace       used 84985K, committed 86144K, reserved 1130496K
  class space    used 8560K, committed 9088K, reserved 1048576K
}
Event: 939.250 GC heap after
{Heap after GC invocations=2625 (full 41):
 PSYoungGen      total 3072K, used 512K [0x00000000eab00000, 0x00000000eaf80000, 0x0000000100000000)
  eden space 2560K, 0% used [0x00000000eab00000,0x00000000eab00000,0x00000000ead80000)
  from space 512K, 100% used [0x00000000eaf00000,0x00000000eaf80000,0x00000000eaf80000)
  to   space 1024K, 0% used [0x00000000ead80000,0x00000000ead80000,0x00000000eae80000)
 ParOldGen       total 132608K, used 128151K [0x00000000c0000000, 0x00000000c8180000, 0x00000000eab00000)
  object space 132608K, 96% used [0x00000000c0000000,0x00000000c7d25cb0,0x00000000c8180000)
 Metaspace       used 84985K, committed 86144K, reserved 1130496K
  class space    used 8560K, committed 9088K, reserved 1048576K
}
Event: 939.254 GC heap before
{Heap before GC invocations=2626 (full 41):
 PSYoungGen      total 3072K, used 3072K [0x00000000eab00000, 0x00000000eaf80000, 0x0000000100000000)
  eden space 2560K, 100% used [0x00000000eab00000,0x00000000ead80000,0x00000000ead80000)
  from space 512K, 100% used [0x00000000eaf00000,0x00000000eaf80000,0x00000000eaf80000)
  to   space 1024K, 0% used [0x00000000ead80000,0x00000000ead80000,0x00000000eae80000)
 ParOldGen       total 132608K, used 128151K [0x00000000c0000000, 0x00000000c8180000, 0x00000000eab00000)
  object space 132608K, 96% used [0x00000000c0000000,0x00000000c7d25cb0,0x00000000c8180000)
 Metaspace       used 84985K, committed 86144K, reserved 1130496K
  class space    used 8560K, committed 9088K, reserved 1048576K
}
Event: 939.256 GC heap after
{Heap after GC invocations=2626 (full 41):
 PSYoungGen      total 3584K, used 1004K [0x00000000eab00000, 0x00000000eb480000, 0x0000000100000000)
  eden space 2560K, 0% used [0x00000000eab00000,0x00000000eab00000,0x00000000ead80000)
  from space 1024K, 98% used [0x00000000ead80000,0x00000000eae7b1b0,0x00000000eae80000)
  to   space 3584K, 0% used [0x00000000eb100000,0x00000000eb100000,0x00000000eb480000)
 ParOldGen       total 132608K, used 130223K [0x00000000c0000000, 0x00000000c8180000, 0x00000000eab00000)
  object space 132608K, 98% used [0x00000000c0000000,0x00000000c7f2bcb0,0x00000000c8180000)
 Metaspace       used 84985K, committed 86144K, reserved 1130496K
  class space    used 8560K, committed 9088K, reserved 1048576K
}
Event: 939.256 GC heap before
{Heap before GC invocations=2627 (full 42):
 PSYoungGen      total 3584K, used 1004K [0x00000000eab00000, 0x00000000eb480000, 0x0000000100000000)
  eden space 2560K, 0% used [0x00000000eab00000,0x00000000eab00000,0x00000000ead80000)
  from space 1024K, 98% used [0x00000000ead80000,0x00000000eae7b1b0,0x00000000eae80000)
  to   space 3584K, 0% used [0x00000000eb100000,0x00000000eb100000,0x00000000eb480000)
 ParOldGen       total 132608K, used 130223K [0x00000000c0000000, 0x00000000c8180000, 0x00000000eab00000)
  object space 132608K, 98% used [0x00000000c0000000,0x00000000c7f2bcb0,0x00000000c8180000)
 Metaspace       used 84985K, committed 86144K, reserved 1130496K
  class space    used 8560K, committed 9088K, reserved 1048576K
}

Dll operation events (11 events):
Event: 0.009 Loaded shared library c:\Users\SankethS\.vscode\extensions\redhat.java-1.13.0-win32-x64\jre\17.0.5-win32-x86_64\bin\java.dll
Event: 0.194 Loaded shared library c:\Users\SankethS\.vscode\extensions\redhat.java-1.13.0-win32-x64\jre\17.0.5-win32-x86_64\bin\zip.dll
Event: 0.200 Loaded shared library C:\Users\SankethS\.vscode\extensions\redhat.java-1.13.0-win32-x64\jre\17.0.5-win32-x86_64\bin\instrument.dll
Event: 0.216 Loaded shared library C:\Users\SankethS\.vscode\extensions\redhat.java-1.13.0-win32-x64\jre\17.0.5-win32-x86_64\bin\net.dll
Event: 0.218 Loaded shared library C:\Users\SankethS\.vscode\extensions\redhat.java-1.13.0-win32-x64\jre\17.0.5-win32-x86_64\bin\nio.dll
Event: 0.224 Loaded shared library C:\Users\SankethS\.vscode\extensions\redhat.java-1.13.0-win32-x64\jre\17.0.5-win32-x86_64\bin\zip.dll
Event: 0.240 Loaded shared library C:\Users\SankethS\.vscode\extensions\redhat.java-1.13.0-win32-x64\jre\17.0.5-win32-x86_64\bin\jimage.dll
Event: 0.296 Loaded shared library c:\Users\SankethS\.vscode\extensions\redhat.java-1.13.0-win32-x64\jre\17.0.5-win32-x86_64\bin\verify.dll
Event: 8.512 Loaded shared library C:\Users\SankethS\AppData\Roaming\Code\User\globalStorage\redhat.java\1.13.0\config_win\org.eclipse.equinox.launcher\org.eclipse.equinox.launcher.win32.win32.x86_64_1.2.600.v20220720-1916\eclipse_11700.dll
Event: 20.273 Loaded shared library C:\Users\SankethS\AppData\Local\Temp\jna-2064027909\jna4212871027642199826.dll
Event: 33.743 Loaded shared library C:\Users\SankethS\.vscode\extensions\redhat.java-1.13.0-win32-x64\jre\17.0.5-win32-x86_64\bin\sunmscapi.dll

Deoptimization events (20 events):
Event: 880.794 Thread 0x000001bd4d3268a0 DEOPT PACKING pc=0x000001bd41b1725c sp=0x000000b06ddfecb0
Event: 880.794 Thread 0x000001bd4d3268a0 DEOPT UNPACKING pc=0x000001bd393e20a3 sp=0x000000b06ddfecb8 mode 2
Event: 880.795 Thread 0x000001bd4d325560 Uncommon trap: trap_request=0xffffff45 fr.pc=0x000001bd413c7590 relative=0x0000000000000bb0
Event: 880.795 Thread 0x000001bd4d325560 Uncommon trap: reason=unstable_if action=reinterpret pc=0x000001bd413c7590 method=jdk.internal.reflect.UnsafeFieldAccessorFactory.newFieldAccessor(Ljava/lang/reflect/Field;Z)Ljdk/internal/reflect/FieldAccessor; @ 439 c2
Event: 880.795 Thread 0x000001bd4d325560 DEOPT PACKING pc=0x000001bd413c7590 sp=0x000000b06f0fe6b0
Event: 880.795 Thread 0x000001bd4d325560 DEOPT UNPACKING pc=0x000001bd393e20a3 sp=0x000000b06f0fe630 mode 2
Event: 881.028 Thread 0x000001bd4d325560 Uncommon trap: trap_request=0xffffff45 fr.pc=0x000001bd41d1a40c relative=0x000000000000016c
Event: 881.028 Thread 0x000001bd4d325560 Uncommon trap: reason=unstable_if action=reinterpret pc=0x000001bd41d1a40c method=java.util.stream.StreamOpFlag.fromCharacteristics(Ljava/util/Spliterator;)I @ 10 c2
Event: 881.028 Thread 0x000001bd4d325560 DEOPT PACKING pc=0x000001bd41d1a40c sp=0x000000b06f0fe820
Event: 881.028 Thread 0x000001bd4d325560 DEOPT UNPACKING pc=0x000001bd393e20a3 sp=0x000000b06f0fe760 mode 2
Event: 935.204 Thread 0x000001bd520c9740 DEOPT PACKING pc=0x000001bd3aface64 sp=0x000000b06e0ff1d0
Event: 935.204 Thread 0x000001bd520c9740 DEOPT UNPACKING pc=0x000001bd393e2843 sp=0x000000b06e0fe758 mode 0
Event: 935.251 Thread 0x000001bd520caa80 DEOPT PACKING pc=0x000001bd3aface64 sp=0x000000b06bdff420
Event: 935.251 Thread 0x000001bd4ecf3d60 DEOPT PACKING pc=0x000001bd3aface64 sp=0x000000b06d9feeb0
Event: 935.251 Thread 0x000001bd4ecf3d60 DEOPT UNPACKING pc=0x000001bd393e2843 sp=0x000000b06d9fe438 mode 0
Event: 935.251 Thread 0x000001bd520caa80 DEOPT UNPACKING pc=0x000001bd393e2843 sp=0x000000b06bdfe9a8 mode 0
Event: 938.903 Thread 0x000001bd4e281130 DEOPT PACKING pc=0x000001bd3aface64 sp=0x000000b06dcff310
Event: 938.903 Thread 0x000001bd520c9270 DEOPT PACKING pc=0x000001bd3aface64 sp=0x000000b06deff570
Event: 938.903 Thread 0x000001bd4e281130 DEOPT UNPACKING pc=0x000001bd393e2843 sp=0x000000b06dcfe898 mode 0
Event: 938.903 Thread 0x000001bd520c9270 DEOPT UNPACKING pc=0x000001bd393e2843 sp=0x000000b06defeaf8 mode 0

Classes unloaded (11 events):
Event: 9.992 Thread 0x000001bd4c0110f0 Unloading class 0x000000010021a400 'java/lang/invoke/LambdaForm$MH+0x000000010021a400'
Event: 9.992 Thread 0x000001bd4c0110f0 Unloading class 0x000000010021a000 'java/lang/invoke/LambdaForm$MH+0x000000010021a000'
Event: 9.992 Thread 0x000001bd4c0110f0 Unloading class 0x0000000100219c00 'java/lang/invoke/LambdaForm$MH+0x0000000100219c00'
Event: 9.992 Thread 0x000001bd4c0110f0 Unloading class 0x0000000100219400 'java/lang/invoke/LambdaForm$MH+0x0000000100219400'
Event: 9.992 Thread 0x000001bd4c0110f0 Unloading class 0x0000000100219000 'java/lang/invoke/LambdaForm$BMH+0x0000000100219000'
Event: 9.992 Thread 0x000001bd4c0110f0 Unloading class 0x0000000100218c00 'java/lang/invoke/LambdaForm$DMH+0x0000000100218c00'
Event: 9.992 Thread 0x000001bd4c0110f0 Unloading class 0x0000000100216000 'java/lang/invoke/LambdaForm$DMH+0x0000000100216000'
Event: 34.007 Thread 0x000001bd4c0110f0 Unloading class 0x00000001006ba400 'java/lang/invoke/LambdaForm$MH+0x00000001006ba400'
Event: 34.007 Thread 0x000001bd4c0110f0 Unloading class 0x00000001006b9c00 'java/lang/invoke/LambdaForm$DMH+0x00000001006b9c00'
Event: 34.007 Thread 0x000001bd4c0110f0 Unloading class 0x00000001006b9400 'java/lang/invoke/LambdaForm$DMH+0x00000001006b9400'
Event: 34.007 Thread 0x000001bd4c0110f0 Unloading class 0x00000001006b8c00 'java/lang/invoke/LambdaForm$DMH+0x00000001006b8c00'

Classes redefined (0 events):
No events

Internal exceptions (20 events):
Event: 814.958 Thread 0x000001bd4e282470 Exception <a 'java/lang/ClassCastException'{0x00000000eab3ab48}: class org.eclipse.jdt.internal.compiler.lookup.BinaryTypeBinding cannot be cast to class org.eclipse.jdt.internal.compiler.lookup.SourceTypeBinding (org.eclipse.jdt.internal.compiler.lookup.BinaryTypeBinding and org.eclipse.jdt.internal.compiler.lookup.SourceTypeBinding are in unnamed module of loader org.eclipse.osgi.internal.loader.EquinoxClassLoader @2ea8a22f)> (0x00000000eab3ab48) 
thrown [s\src\hotspot\share\interpreter\interpreterRuntim
Event: 815.122 Thread 0x000001bd4d3268a0 Exception <a 'java/lang/ClassNotFoundException'{0x00000000eabfc248}: sun/net/www/protocol/jdt/Handler> (0x00000000eabfc248) 
thrown [s\src\hotspot\share\classfile\systemDictionary.cpp, line 256]
Event: 815.122 Thread 0x000001bd4d3268a0 Exception <a 'java/lang/ClassNotFoundException'{0x00000000eac0b310}: sun/net/www/protocol/jdt/Handler> (0x00000000eac0b310) 
thrown [s\src\hotspot\share\classfile\systemDictionary.cpp, line 256]
Event: 815.127 Thread 0x000001bd4d3233b0 Exception <a 'java/lang/ClassNotFoundException'{0x00000000eac8eb78}: sun/net/www/protocol/jdt/Handler> (0x00000000eac8eb78) 
thrown [s\src\hotspot\share\classfile\systemDictionary.cpp, line 256]
Event: 816.177 Thread 0x000001bd4d3233b0 Exception <a 'java/lang/ClassNotFoundException'{0x00000000eab13448}: sun/net/www/protocol/jdt/Handler> (0x00000000eab13448) 
thrown [s\src\hotspot\share\classfile\systemDictionary.cpp, line 256]
Event: 827.136 Thread 0x000001bd4ecf8a60 Exception <a 'java/lang/ClassNotFoundException'{0x00000000ead4bb38}: sun/net/www/protocol/jdt/Handler> (0x00000000ead4bb38) 
thrown [s\src\hotspot\share\classfile\systemDictionary.cpp, line 256]
Event: 827.136 Thread 0x000001bd4ecf8a60 Exception <a 'java/lang/ClassNotFoundException'{0x00000000ead4df60}: sun/net/www/protocol/jdt/Handler> (0x00000000ead4df60) 
thrown [s\src\hotspot\share\classfile\systemDictionary.cpp, line 256]
Event: 845.990 Thread 0x000001bd4d3233b0 Exception <a 'java/lang/ClassNotFoundException'{0x00000000eab01dd0}: sun/net/www/protocol/jdt/Handler> (0x00000000eab01dd0) 
thrown [s\src\hotspot\share\classfile\systemDictionary.cpp, line 256]
Event: 845.990 Thread 0x000001bd4d3233b0 Exception <a 'java/lang/ClassNotFoundException'{0x00000000eab03e68}: sun/net/www/protocol/jdt/Handler> (0x00000000eab03e68) 
thrown [s\src\hotspot\share\classfile\systemDictionary.cpp, line 256]
Event: 855.886 Thread 0x000001bd4e281600 Exception <a 'sun/nio/fs/WindowsException'{0x00000000eab46540}> (0x00000000eab46540) 
thrown [s\src\hotspot\share\prims\jni.cpp, line 516]
Event: 856.048 Thread 0x000001bd4e281600 Exception <a 'sun/nio/fs/WindowsException'{0x00000000ead1d618}> (0x00000000ead1d618) 
thrown [s\src\hotspot\share\prims\jni.cpp, line 516]
Event: 871.467 Thread 0x000001bd4e281600 Exception <a 'sun/nio/fs/WindowsException'{0x00000000eabb0ef0}> (0x00000000eabb0ef0) 
thrown [s\src\hotspot\share\prims\jni.cpp, line 516]
Event: 871.579 Thread 0x000001bd4e281600 Exception <a 'sun/nio/fs/WindowsException'{0x00000000eabf87b8}> (0x00000000eabf87b8) 
thrown [s\src\hotspot\share\prims\jni.cpp, line 516]
Event: 873.965 Thread 0x000001bd4e281600 Exception <a 'sun/nio/fs/WindowsException'{0x00000000eacccfa8}> (0x00000000eacccfa8) 
thrown [s\src\hotspot\share\prims\jni.cpp, line 516]
Event: 874.064 Thread 0x000001bd4e281600 Exception <a 'sun/nio/fs/WindowsException'{0x00000000eab33908}> (0x00000000eab33908) 
thrown [s\src\hotspot\share\prims\jni.cpp, line 516]
Event: 877.012 Thread 0x000001bd4ecf63e0 Implicit null exception at 0x000001bd414bdfc0 to 0x000001bd414be388
Event: 878.853 Thread 0x000001bd4d3268a0 Exception <a 'java/io/FileNotFoundException'{0x00000000eab0d2b8}> (0x00000000eab0d2b8) 
thrown [s\src\hotspot\share\prims\jni.cpp, line 516]
Event: 878.977 Thread 0x000001bd4d3268a0 Exception <a 'java/lang/NoSuchMethodError'{0x00000000ead146a8}: 'java.lang.Object java.lang.invoke.DirectMethodHandle$Holder.invokeVirtual(java.lang.Object, java.lang.Object, java.lang.Object, java.lang.Object)'> (0x00000000ead146a8) 
thrown [s\src\hotspot\share\interpreter\linkResolver.cpp, line 759]
Event: 879.012 Thread 0x000001bd4d322ee0 Exception <a 'java/lang/NoSuchMethodError'{0x00000000eab63e78}: 'java.lang.Object java.lang.invoke.DirectMethodHandle$Holder.invokeStatic(java.lang.Object, long, java.lang.Object, java.lang.Object)'> (0x00000000eab63e78) 
thrown [s\src\hotspot\share\interpreter\linkResolver.cpp, line 759]
Event: 879.013 Thread 0x000001bd4d322ee0 Exception <a 'java/lang/NoSuchMethodError'{0x00000000eab6ac70}: 'java.lang.Object java.lang.invoke.DirectMethodHandle$Holder.newInvokeSpecial(java.lang.Object, long)'> (0x00000000eab6ac70) 
thrown [s\src\hotspot\share\interpreter\linkResolver.cpp, line 759]

VM Operations (20 events):
Event: 883.863 Executing VM operation: Cleanup done
Event: 884.846 Executing VM operation: ParallelGCFailedAllocation
Event: 884.847 Executing VM operation: ParallelGCFailedAllocation done
Event: 886.801 Executing VM operation: ParallelGCFailedAllocation
Event: 886.803 Executing VM operation: ParallelGCFailedAllocation done
Event: 895.892 Executing VM operation: Cleanup
Event: 895.892 Executing VM operation: Cleanup done
Event: 899.919 Executing VM operation: Cleanup
Event: 899.919 Executing VM operation: Cleanup done
Event: 901.941 Executing VM operation: Cleanup
Event: 901.941 Executing VM operation: Cleanup done
Event: 907.989 Executing VM operation: Cleanup
Event: 907.989 Executing VM operation: Cleanup done
Event: 923.124 Executing VM operation: Cleanup
Event: 923.124 Executing VM operation: Cleanup done
Event: 932.194 Executing VM operation: Cleanup
Event: 932.194 Executing VM operation: Cleanup done
Event: 939.249 Executing VM operation: ParallelGCFailedAllocation
Event: 939.250 Executing VM operation: ParallelGCFailedAllocation done
Event: 939.254 Executing VM operation: ParallelGCFailedAllocation

Events (20 events):
Event: 880.837 loading class java/util/stream/IntPipeline$1
Event: 880.838 loading class java/util/stream/IntPipeline$1 done
Event: 880.839 loading class java/util/stream/IntPipeline$1$1
Event: 880.839 loading class java/util/stream/IntPipeline$1$1 done
Event: 881.028 loading class java/util/stream/Streams$RangeIntSpliterator
Event: 881.028 loading class java/util/stream/Streams$RangeIntSpliterator done
Event: 881.030 loading class java/lang/ProcessHandleImpl$ExitCompletion
Event: 881.030 loading class java/lang/ProcessHandleImpl$ExitCompletion done
Event: 881.030 loading class java/lang/ProcessHandleImpl$1
Event: 881.030 loading class java/lang/ProcessHandleImpl$1 done
Event: 881.030 Thread 0x000001bd4d325090 Thread added: 0x000001bd4d325090
Event: 881.031 loading class java/util/concurrent/CompletableFuture$UniHandle
Event: 881.031 loading class java/util/concurrent/CompletableFuture$UniHandle done
Event: 881.032 Thread 0x000001bd4d325560 Thread exited: 0x000001bd4d325560
Event: 881.755 Thread 0x000001bd4d322ee0 Thread exited: 0x000001bd4d322ee0
Event: 909.205 Thread 0x000001bd4d3233b0 Thread exited: 0x000001bd4d3233b0
Event: 911.761 Thread 0x000001bd4d3268a0 Thread exited: 0x000001bd4d3268a0
Event: 935.205 Thread 0x000001bd520c9740 Thread exited: 0x000001bd520c9740
Event: 935.251 Thread 0x000001bd4ecf3d60 Thread exited: 0x000001bd4ecf3d60
Event: 935.251 Thread 0x000001bd520caa80 Thread exited: 0x000001bd520caa80


Dynamic libraries:
0x00007ff606d50000 - 0x00007ff606d5e000 	c:\Users\SankethS\.vscode\extensions\redhat.java-1.13.0-win32-x64\jre\17.0.5-win32-x86_64\bin\java.exe
0x00007ff83f340000 - 0x00007ff83f549000 	C:\WINDOWS\SYSTEM32\ntdll.dll
0x00007ff83ded0000 - 0x00007ff83df8e000 	C:\WINDOWS\System32\KERNEL32.DLL
0x00007ff83cd80000 - 0x00007ff83d0fb000 	C:\WINDOWS\System32\KERNELBASE.dll
0x00007ff839820000 - 0x00007ff8398b2000 	C:\WINDOWS\SYSTEM32\apphelp.dll
0x00007ff83ca50000 - 0x00007ff83cb61000 	C:\WINDOWS\System32\ucrtbase.dll
0x00007ff824480000 - 0x00007ff824497000 	c:\Users\SankethS\.vscode\extensions\redhat.java-1.13.0-win32-x64\jre\17.0.5-win32-x86_64\bin\jli.dll
0x00007ff8240a0000 - 0x00007ff8240b9000 	c:\Users\SankethS\.vscode\extensions\redhat.java-1.13.0-win32-x64\jre\17.0.5-win32-x86_64\bin\VCRUNTIME140.dll
0x00007ff83d9c0000 - 0x00007ff83db6d000 	C:\WINDOWS\System32\USER32.dll
0x00007ff81ee90000 - 0x00007ff81f135000 	C:\WINDOWS\WinSxS\amd64_microsoft.windows.common-controls_6595b64144ccf1df_6.0.22000.120_none_9d947278b86cc467\COMCTL32.dll
0x00007ff83c810000 - 0x00007ff83c836000 	C:\WINDOWS\System32\win32u.dll
0x00007ff83e390000 - 0x00007ff83e433000 	C:\WINDOWS\System32\msvcrt.dll
0x00007ff83d230000 - 0x00007ff83d259000 	C:\WINDOWS\System32\GDI32.dll
0x00007ff83c840000 - 0x00007ff83c958000 	C:\WINDOWS\System32\gdi32full.dll
0x00007ff83cce0000 - 0x00007ff83cd7d000 	C:\WINDOWS\System32\msvcp_win.dll
0x00007ff83db70000 - 0x00007ff83dba2000 	C:\WINDOWS\System32\IMM32.DLL
0x00007ff838880000 - 0x00007ff83888c000 	c:\Users\SankethS\.vscode\extensions\redhat.java-1.13.0-win32-x64\jre\17.0.5-win32-x86_64\bin\vcruntime140_1.dll
0x00007ff807730000 - 0x00007ff8077c1000 	c:\Users\SankethS\.vscode\extensions\redhat.java-1.13.0-win32-x64\jre\17.0.5-win32-x86_64\bin\msvcp140.dll
0x00007ffff5d70000 - 0x00007ffff69b4000 	c:\Users\SankethS\.vscode\extensions\redhat.java-1.13.0-win32-x64\jre\17.0.5-win32-x86_64\bin\server\jvm.dll
0x00007ff83e2c0000 - 0x00007ff83e36e000 	C:\WINDOWS\System32\ADVAPI32.dll
0x00007ff83de30000 - 0x00007ff83dece000 	C:\WINDOWS\System32\sechost.dll
0x00007ff83d830000 - 0x00007ff83d950000 	C:\WINDOWS\System32\RPCRT4.dll
0x00007ff817f40000 - 0x00007ff817f49000 	C:\WINDOWS\SYSTEM32\WSOCK32.dll
0x00007ff837060000 - 0x00007ff837093000 	C:\WINDOWS\SYSTEM32\WINMM.dll
0x00007ff83d950000 - 0x00007ff83d9bf000 	C:\WINDOWS\System32\WS2_32.dll
0x00007ff832780000 - 0x00007ff83278a000 	C:\WINDOWS\SYSTEM32\VERSION.dll
0x00007ff83b730000 - 0x00007ff83b748000 	C:\WINDOWS\SYSTEM32\kernel.appcore.dll
0x00007ff824960000 - 0x00007ff82496a000 	c:\Users\SankethS\.vscode\extensions\redhat.java-1.13.0-win32-x64\jre\17.0.5-win32-x86_64\bin\jimage.dll
0x00007ff83a160000 - 0x00007ff83a381000 	C:\WINDOWS\SYSTEM32\DBGHELP.DLL
0x00007ff817f50000 - 0x00007ff817f81000 	C:\WINDOWS\SYSTEM32\dbgcore.DLL
0x00007ff83c960000 - 0x00007ff83c9df000 	C:\WINDOWS\System32\bcryptPrimitives.dll
0x00007ff824090000 - 0x00007ff82409e000 	c:\Users\SankethS\.vscode\extensions\redhat.java-1.13.0-win32-x64\jre\17.0.5-win32-x86_64\bin\instrument.dll
0x00007ff823ff0000 - 0x00007ff824015000 	c:\Users\SankethS\.vscode\extensions\redhat.java-1.13.0-win32-x64\jre\17.0.5-win32-x86_64\bin\java.dll
0x00007ff823f50000 - 0x00007ff823f68000 	c:\Users\SankethS\.vscode\extensions\redhat.java-1.13.0-win32-x64\jre\17.0.5-win32-x86_64\bin\zip.dll
0x00007ff83e5e0000 - 0x00007ff83ed98000 	C:\WINDOWS\System32\SHELL32.dll
0x00007ff83a7a0000 - 0x00007ff83b005000 	C:\WINDOWS\SYSTEM32\windows.storage.dll
0x00007ff83ee90000 - 0x00007ff83f208000 	C:\WINDOWS\System32\combase.dll
0x00007ff83a630000 - 0x00007ff83a796000 	C:\WINDOWS\SYSTEM32\wintypes.dll
0x00007ff83f210000 - 0x00007ff83f2fa000 	C:\WINDOWS\System32\SHCORE.dll
0x00007ff83ddb0000 - 0x00007ff83de0d000 	C:\WINDOWS\System32\shlwapi.dll
0x00007ff83c740000 - 0x00007ff83c761000 	C:\WINDOWS\SYSTEM32\profapi.dll
0x00007ff823f30000 - 0x00007ff823f49000 	C:\Users\SankethS\.vscode\extensions\redhat.java-1.13.0-win32-x64\jre\17.0.5-win32-x86_64\bin\net.dll
0x00007ff83b750000 - 0x00007ff83b864000 	C:\WINDOWS\SYSTEM32\WINHTTP.dll
0x00007ff83bce0000 - 0x00007ff83bd47000 	C:\WINDOWS\system32\mswsock.dll
0x00007ff8227e0000 - 0x00007ff8227f5000 	C:\Users\SankethS\.vscode\extensions\redhat.java-1.13.0-win32-x64\jre\17.0.5-win32-x86_64\bin\nio.dll
0x00007ff824060000 - 0x00007ff824070000 	c:\Users\SankethS\.vscode\extensions\redhat.java-1.13.0-win32-x64\jre\17.0.5-win32-x86_64\bin\verify.dll
0x00007ff820e50000 - 0x00007ff820e8e000 	C:\Users\SankethS\AppData\Roaming\Code\User\globalStorage\redhat.java\1.13.0\config_win\org.eclipse.equinox.launcher\org.eclipse.equinox.launcher.win32.win32.x86_64_1.2.600.v20220720-1916\eclipse_11700.dll
0x00007ff83e440000 - 0x00007ff83e5da000 	C:\WINDOWS\System32\ole32.dll
0x00007ff83bfc0000 - 0x00007ff83bfd8000 	C:\WINDOWS\SYSTEM32\CRYPTSP.dll
0x00007ff83b690000 - 0x00007ff83b6c5000 	C:\WINDOWS\system32\rsaenh.dll
0x00007ff83bd80000 - 0x00007ff83bda9000 	C:\WINDOWS\SYSTEM32\USERENV.dll
0x00007ff83c100000 - 0x00007ff83c127000 	C:\WINDOWS\SYSTEM32\bcrypt.dll
0x00007ff83bed0000 - 0x00007ff83bedc000 	C:\WINDOWS\SYSTEM32\CRYPTBASE.dll
0x00007ff83b260000 - 0x00007ff83b28d000 	C:\WINDOWS\SYSTEM32\IPHLPAPI.DLL
0x00007ff83e380000 - 0x00007ff83e389000 	C:\WINDOWS\System32\NSI.dll
0x00007ff836f30000 - 0x00007ff836f49000 	C:\WINDOWS\SYSTEM32\dhcpcsvc6.DLL
0x00007ff8372d0000 - 0x00007ff8372ee000 	C:\WINDOWS\SYSTEM32\dhcpcsvc.DLL
0x00007ff83b290000 - 0x00007ff83b378000 	C:\WINDOWS\SYSTEM32\DNSAPI.dll
0x00007ff81edc0000 - 0x00007ff81ee00000 	C:\Users\SankethS\AppData\Local\Temp\jna-2064027909\jna4212871027642199826.dll
0x00007ff83e370000 - 0x00007ff83e378000 	C:\WINDOWS\System32\PSAPI.DLL
0x00007ff825890000 - 0x00007ff82589e000 	C:\Users\SankethS\.vscode\extensions\redhat.java-1.13.0-win32-x64\jre\17.0.5-win32-x86_64\bin\sunmscapi.dll
0x00007ff83cb70000 - 0x00007ff83ccd2000 	C:\WINDOWS\System32\CRYPT32.dll
0x00007ff83c0d0000 - 0x00007ff83c0f8000 	C:\WINDOWS\SYSTEM32\ncrypt.dll
0x00007ff83c090000 - 0x00007ff83c0c7000 	C:\WINDOWS\SYSTEM32\NTASN1.dll
0x00007ff81edb0000 - 0x00007ff81edba000 	C:\Windows\System32\rasadhlp.dll
0x00007ff831c00000 - 0x00007ff831c81000 	C:\WINDOWS\System32\fwpuclnt.dll

dbghelp: loaded successfully - version: 4.0.5 - missing functions: none
symbol engine: initialized successfully - sym options: 0x614 - pdb path: .;c:\Users\SankethS\.vscode\extensions\redhat.java-1.13.0-win32-x64\jre\17.0.5-win32-x86_64\bin;C:\WINDOWS\SYSTEM32;C:\WINDOWS\WinSxS\amd64_microsoft.windows.common-controls_6595b64144ccf1df_6.0.22000.120_none_9d947278b86cc467;c:\Users\SankethS\.vscode\extensions\redhat.java-1.13.0-win32-x64\jre\17.0.5-win32-x86_64\bin\server;C:\Users\SankethS\AppData\Roaming\Code\User\globalStorage\redhat.java\1.13.0\config_win\org.eclipse.equinox.launcher\org.eclipse.equinox.launcher.win32.win32.x86_64_1.2.600.v20220720-1916;C:\Users\SankethS\AppData\Local\Temp\jna-2064027909

VM Arguments:
jvm_args: --add-modules=ALL-SYSTEM --add-opens=java.base/java.util=ALL-UNNAMED --add-opens=java.base/java.lang=ALL-UNNAMED --add-opens=java.base/sun.nio.fs=ALL-UNNAMED -Declipse.application=org.eclipse.jdt.ls.core.id1 -Dosgi.bundles.defaultStartLevel=4 -Declipse.product=org.eclipse.jdt.ls.core.product -Djava.import.generatesMetadataFilesAtProjectRoot=false -Dfile.encoding=utf8 -XX:+UseParallelGC -XX:GCTimeRatio=4 -XX:AdaptiveSizePolicyWeight=90 -Dsun.zip.disableMemoryMapping=true -Xmx1G -Xms100m -Xlog:jni+resolve=off -javaagent:c:\Users\SankethS\.vscode\extensions\redhat.java-1.13.0-win32-x64\lombok\lombok-1.18.24.jar -XX:+HeapDumpOnOutOfMemoryError -XX:HeapDumpPath=c:\Users\SankethS\AppData\Roaming\Code\User\workspaceStorage\85aee49fe5d48e8131ccf5db7e64b850\redhat.java 
java_command: c:\Users\SankethS\.vscode\extensions\redhat.java-1.13.0-win32-x64\server\plugins\org.eclipse.equinox.launcher_1.6.400.v20210924-0641.jar -configuration c:\Users\SankethS\AppData\Roaming\Code\User\globalStorage\redhat.java\1.13.0\config_win -data c:\Users\SankethS\AppData\Roaming\Code\User\workspaceStorage\85aee49fe5d48e8131ccf5db7e64b850\redhat.java\jdt_ws
java_class_path (initial): c:\Users\SankethS\.vscode\extensions\redhat.java-1.13.0-win32-x64\server\plugins\org.eclipse.equinox.launcher_1.6.400.v20210924-0641.jar
Launcher Type: SUN_STANDARD

[Global flags]
    uintx AdaptiveSizePolicyWeight                 = 90                                        {product} {command line}
     intx CICompilerCount                          = 4                                         {product} {ergonomic}
    uintx GCTimeRatio                              = 4                                         {product} {command line}
     bool HeapDumpOnOutOfMemoryError               = true                                   {manageable} {command line}
    ccstr HeapDumpPath                             = c:\Users\SankethS\AppData\Roaming\Code\User\workspaceStorage\85aee49fe5d48e8131ccf5db7e64b850\redhat.java         {manageable} {command line}
   size_t InitialHeapSize                          = 104857600                                 {product} {command line}
   size_t MaxHeapSize                              = 1073741824                                {product} {command line}
   size_t MaxNewSize                               = 357564416                                 {product} {ergonomic}
   size_t MinHeapDeltaBytes                        = 524288                                    {product} {ergonomic}
   size_t MinHeapSize                              = 104857600                                 {product} {command line}
   size_t NewSize                                  = 34603008                                  {product} {ergonomic}
    uintx NonNMethodCodeHeapSize                   = 5839372                                {pd product} {ergonomic}
    uintx NonProfiledCodeHeapSize                  = 122909434                              {pd product} {ergonomic}
   size_t OldSize                                  = 70254592                                  {product} {ergonomic}
    uintx ProfiledCodeHeapSize                     = 122909434                              {pd product} {ergonomic}
    uintx ReservedCodeCacheSize                    = 251658240                              {pd product} {ergonomic}
     bool SegmentedCodeCache                       = true                                      {product} {ergonomic}
   size_t SoftMaxHeapSize                          = 1073741824                             {manageable} {ergonomic}
     bool UseCompressedClassPointers               = true                           {product lp64_product} {ergonomic}
     bool UseCompressedOops                        = true                           {product lp64_product} {ergonomic}
     bool UseLargePagesIndividualAllocation        = false                                  {pd product} {ergonomic}
     bool UseParallelGC                            = true                                      {product} {command line}

Logging:
Log output configuration:
 #0: stdout all=warning,jni+resolve=off uptime,level,tags
 #1: stderr all=off uptime,level,tags

Environment Variables:
PATH=D:\Python3.8;D:\Java11\jdk-11.0.11\bin;C:\Program Files (x86)\Common Files\Oracle\Java\javapath;C:\Windows\system32;C:\Windows;C:\Windows\System32\Wbem;C:\Windows\System32\WindowsPowerShell\v1.0\;C:\Windows\System32\OpenSSH\;D:\Amazon\AWSCLIV2\;D:\PuTTY\;C:\ProgramData\chocolatey\bin;D:\Minikube\Kubernetes\Minikube;C:\Program Files\Git\cmd;C:\Program Files\nodejs\;D:\Python3.8\Scripts;C:\Program Files (x86)\Kaspersky Lab\Endpoint Agent\;;C:\WINDOWS\system32;C:\WINDOWS;C:\WINDOWS\System32\Wbem;C:\WINDOWS\System32\WindowsPowerShell\v1.0\;C:\WINDOWS\System32\OpenSSH\;C:\Program Files\Docker\Docker\resources\bin;C:\ProgramData\DockerDesktop\version-bin;C:\Users\SankethS\AppData\Local\Microsoft\WindowsApps;D:\vscode\Microsoft VS Code\bin;C:\Users\SankethS\AppData\Local\GitHubDesktop\bin;E:\JMeter\apache-jmeter-5.5\apache-jmeter-5.5\bin;D:\ngrok-v3-stable-windows-amd64;D:\Mongo Server\bin;
USERNAME=SankethS
OS=Windows_NT
PROCESSOR_IDENTIFIER=Intel64 Family 6 Model 142 Stepping 12, GenuineIntel
TMP=C:\Users\SankethS\AppData\Local\Temp
TEMP=C:\Users\SankethS\AppData\Local\Temp



---------------  S Y S T E M  ---------------

OS:
 Windows 11 , 64 bit Build 22000 (10.0.22000.1219)
OS uptime: 21 days 14:00 hours
Hyper-V role detected

CPU: total 8 (initial active 8) (4 cores per cpu, 2 threads per core) family 6 model 142 stepping 12 microcode 0xec, cx8, cmov, fxsr, ht, mmx, 3dnowpref, sse, sse2, sse3, ssse3, sse4.1, sse4.2, popcnt, lzcnt, tsc, tscinvbit, avx, avx2, aes, erms, clmul, bmi1, bmi2, adx, fma, vzeroupper, clflush, clflushopt, hv

Memory: 4k page, system-wide physical 16206M (2443M free)
TotalPageFile size 37171M (AvailPageFile size 8311M)
current process WorkingSet (physical memory assigned to process): 417M, peak: 439M
current process commit charge ("private bytes"): 442M, peak: 470M

vm_info: OpenJDK 64-Bit Server VM (17.0.5+8) for windows-amd64 JRE (17.0.5+8), built on Oct 19 2022 04:48:13 by "temurin" with MS VC++ 16.7 (VS2019)

END.
